<?xml version="1.0" encoding="UTF-8" ?>
<testsuite errors="0" failures="0" hostname="cagrid02.lab.ac.uab.edu" name="edu.wustl.catissuecore.bizlogic.test.CaTissueTestSuite" tests="1" time="4.313" timestamp="2010-02-14T22:26:36">
  <properties>
[...]
</properties>
  <testcase classname="edu.wustl.catissuecore.bizlogic.test.ExcelDataMigrationTestCase" name="testRegisterPart" time="4.074" />
  <system-out><![CDATA[ERROR 16:26:36,473 (ApplicationServiceProvider) - Fatal Error in Initailizing Either Client or Server Implementation of Application Service
 INFO 16:26:36,482 (ApplicationServiceClientImpl) - RECORDSPERQUERY property found : 1000
 INFO 16:26:36,483 (ApplicationServiceClientImpl) - MAXRECORDSPERQUERY property found : 5000
 INFO 16:26:36,526 (XmlBeanDefinitionReader) - Loading XML bean definitions from class path resource [remoteService.xml]
 INFO 16:26:36,599 (AbstractRefreshableApplicationContext) - Bean factory for application context [org.springframework.context.support.ClassPathXmlApplicationContext;hashCode=23025815]: org.springframework.beans.factory.support.DefaultListableBeanFactory defining beans [remoteService]; root of BeanFactory hierarchy
 INFO 16:26:36,605 (AbstractApplicationContext) - 1 beans defined in application context [org.springframework.context.support.ClassPathXmlApplicationContext;hashCode=23025815]
 INFO 16:26:36,608 (CollectionFactory) - JDK 1.4+ collections available
 INFO 16:26:36,611 (AbstractApplicationContext) - Unable to locate MessageSource with name 'messageSource': using default [org.springframework.context.support.DelegatingMessageSource@1386000]
 INFO 16:26:36,613 (AbstractApplicationContext) - Unable to locate ApplicationEventMulticaster with name 'applicationEventMulticaster': using default [org.springframework.context.event.SimpleApplicationEventMulticaster@1662dc8]
 INFO 16:26:36,613 (DefaultListableBeanFactory) - Pre-instantiating singletons in factory [org.springframework.beans.factory.support.DefaultListableBeanFactory defining beans [remoteService]; root of BeanFactory hierarchy]
 INFO 16:26:36,614 (AbstractBeanFactory) - Creating shared instance of singleton bean 'remoteService'
 INFO 16:26:36,731 (DefaultAopProxyFactory) - CGLIB2 available: proxyTargetClass feature enabled
 INFO 16:26:36,755 (ApplicationServiceClientImpl) - RECORDSPERQUERY property found : 1000
 INFO 16:26:36,756 (ApplicationServiceClientImpl) - MAXRECORDSPERQUERY property found : 5000
 INFO 16:26:36,758 (ClientSession) - JVM/Classloader level security policy defined in CORESystem.properties file. Switching security policy to JVM/Classloader
 INFO 16:26:36,760 (XmlBeanDefinitionReader) - Loading XML bean definitions from class path resource [remoteService.xml]
 INFO 16:26:36,770 (AbstractRefreshableApplicationContext) - Bean factory for application context [org.springframework.context.support.ClassPathXmlApplicationContext;hashCode=6183504]: org.springframework.beans.factory.support.DefaultListableBeanFactory defining beans [remoteService]; root of BeanFactory hierarchy
 INFO 16:26:36,770 (AbstractApplicationContext) - 1 beans defined in application context [org.springframework.context.support.ClassPathXmlApplicationContext;hashCode=6183504]
 INFO 16:26:36,771 (AbstractApplicationContext) - Unable to locate MessageSource with name 'messageSource': using default [org.springframework.context.support.DelegatingMessageSource@1b9240e]
 INFO 16:26:36,772 (AbstractApplicationContext) - Unable to locate ApplicationEventMulticaster with name 'applicationEventMulticaster': using default [org.springframework.context.event.SimpleApplicationEventMulticaster@1ee4648]
 INFO 16:26:36,772 (DefaultListableBeanFactory) - Pre-instantiating singletons in factory [org.springframework.beans.factory.support.DefaultListableBeanFactory defining beans [remoteService]; root of BeanFactory hierarchy]
 INFO 16:26:36,773 (AbstractBeanFactory) - Creating shared instance of singleton bean 'remoteService'
---------START ExcelTestCaseUtility.registerParticipants----------
user.dir  /home/catissue/src/BSP_Data_Migration
START Excel file ReaderConstructor
END Excel file ReaderConstructor
---------START ExcelFileReader.setInfo()---------
No of rows ---2
No of columns----24
excel length 3
---------END ExcelFileReader.setInfo()---------
---------START DataMigrationUtil.writeToCaTissue()---------
Total no. of rows: 2
----------START Processing for row number 1---------------
 WARN 16:26:37,152 (LoggerConfig) - Application specific logger configuration is not done. Please use Logger.configureLogger(path) before using getLogger()
 WARN 16:26:37,155 (LoggerConfig) - Application specific logger configuration is not done. Please use Logger.configureLogger(path) before using getLogger()
 INFO 16:26:37,155 (ImportSCG) -  searching domain object
 WARN 16:26:37,406 (LoggerConfig) - Application specific logger configuration is not done. Please use Logger.configureLogger(path) before using getLogger()
 WARN 16:26:37,453 (LoggerConfig) - Application specific logger configuration is not done. Please use Logger.configureLogger(path) before using getLogger()
 WARN 16:26:37,472 (LoggerConfig) - Application specific logger configuration is not done. Please use Logger.configureLogger(path) before using getLogger()
 WARN 16:26:37,478 (LoggerConfig) - Application specific logger configuration is not done. Please use Logger.configureLogger(path) before using getLogger()
 WARN 16:26:37,499 (LoggerConfig) - Application specific logger configuration is not done. Please use Logger.configureLogger(path) before using getLogger()
 WARN 16:26:37,508 (LoggerConfig) - Application specific logger configuration is not done. Please use Logger.configureLogger(path) before using getLogger()
 WARN 16:26:37,531 (LoggerConfig) - Application specific logger configuration is not done. Please use Logger.configureLogger(path) before using getLogger()
 WARN 16:26:37,549 (LoggerConfig) - Application specific logger configuration is not done. Please use Logger.configureLogger(path) before using getLogger()
 WARN 16:26:37,730 (LoggerConfig) - Application specific logger configuration is not done. Please use Logger.configureLogger(path) before using getLogger()
SCG by id is: Dev Import BSP_32_24 Id: 25
 INFO 16:26:37,736 (ImportSCG) -  Domain Object is successfully Found ---->  :: Dev Import BSP_32_24
---------START ImportTissueSpecimen.createTissueSpecimen()---------
---------START ImportTissueSpecimen.setTissueSpecimenAttributes()---------
opDate: null codeId: 000501039 octs: 0 specType:  octsVal: false lnvial: 15 qty: 0.0
 WARN 16:26:37,745 (LoggerConfig) - Application specific logger configuration is not done. Please use Logger.configureLogger(path) before using getLogger()
 WARN 16:26:37,745 (LoggerConfig) - Application specific logger configuration is not done. Please use Logger.configureLogger(path) before using getLogger()
---------START ImportTissueSpecimen.setSpChar()---------
---------END ImportTissueSpecimen.setSpChar()---------
opDate: Sun May 09 00:00:00 CDT 2004 codeId: 000501039 octs: 0 specType: Frozen Tissue octsVal: false lnvial: 15 qty: 15.0
---------START ImportSpecimenEventParameters.addCEP()---------
---------END ImportSpecimenEventParameters.addCEP()---------
---------START ImportSpecimenEventParameters.addREP()---------
---------END ImportSpecimenEventParameters.addREP()---------
---------END ImportTissueSpecimen.setTissueSpecimenAttributes()---------
Object created successfully
Tissue specimen added successfully: Lineage New Label: 000501039-1266186397812-New Id: edu.wustl.catissuecore.domain.Specimen_49
---------End ImportTissueSpecimen.createTissueSpecimen()---------
---------START ImportTissueSpecimen.updateTissueSpecimen()---------
Object updated successfully
Tissue specimen updated: collection status: Collected Label: 000501039-1266186397812-New Av.Qty: 15.0 Id: edu.wustl.catissuecore.domain.Specimen_49
---------End ImportTissueSpecimen.updateTissueSpecimen()---------
---------START ImportTissueSpecimen.createTissueSpecimen()---------
---------START ImportTissueSpecimen.setTissueSpecimenAttributes()---------
opDate: null codeId: 000501039 octs: 0 specType:  octsVal: false lnvial: 15 qty: 0.0
---------START ImportTissueSpecimen.setSpChar()---------
---------END ImportTissueSpecimen.setSpChar()---------
opDate: Sun May 09 00:00:00 CDT 2004 codeId: 000501039 octs: 0 specType: Frozen Tissue octsVal: false lnvial: 15 qty: 15.0
---------START ImportSpecimenEventParameters.addCEP()---------
---------END ImportSpecimenEventParameters.addCEP()---------
---------START ImportSpecimenEventParameters.addREP()---------
---------END ImportSpecimenEventParameters.addREP()---------
---------END ImportTissueSpecimen.setTissueSpecimenAttributes()---------
Object created successfully
Tissue specimen added successfully: Lineage Derived Label: 000501039-1266186398758-Derived Id: edu.wustl.catissuecore.domain.Specimen_50
---------End ImportTissueSpecimen.createTissueSpecimen()---------
---------START ImportTissueSpecimen.updateTissueSpecimen()---------
Object updated successfully
Tissue specimen updated: collection status: Collected Label: 000501039-1266186398758-Derived Av.Qty: 15.0 Id: edu.wustl.catissuecore.domain.Specimen_50
---------End ImportTissueSpecimen.updateTissueSpecimen()---------
----------END Processing for row number 1---------------
---------END DataMigrationUtil.writeToCaTissue()---------
---------END ExcelTestCaseUtility.registerParticipant-----------
]]></system-out>
  <system-err><![CDATA[log4j:ERROR setFile(null,true) call failed.
java.io.FileNotFoundException: /server/default/log/query.log (No such file or directory)
	at java.io.FileOutputStream.openAppend(Native Method)
	at java.io.FileOutputStream.<init>(FileOutputStream.java:177)
	at java.io.FileOutputStream.<init>(FileOutputStream.java:102)
	at org.apache.log4j.FileAppender.setFile(FileAppender.java:289)
	at org.apache.log4j.RollingFileAppender.setFile(RollingFileAppender.java:167)
	at org.apache.log4j.FileAppender.activateOptions(FileAppender.java:163)
	at org.apache.log4j.config.PropertySetter.activate(PropertySetter.java:256)
	at org.apache.log4j.config.PropertySetter.setProperties(PropertySetter.java:132)
	at org.apache.log4j.config.PropertySetter.setProperties(PropertySetter.java:96)
	at org.apache.log4j.PropertyConfigurator.parseAppender(PropertyConfigurator.java:654)
	at org.apache.log4j.PropertyConfigurator.parseCategory(PropertyConfigurator.java:612)
	at org.apache.log4j.PropertyConfigurator.parseCatsAndRenderers(PropertyConfigurator.java:533)
	at org.apache.log4j.PropertyConfigurator.doConfigure(PropertyConfigurator.java:417)
	at org.apache.log4j.PropertyConfigurator.doConfigure(PropertyConfigurator.java:441)
	at org.apache.log4j.helpers.OptionConverter.selectAndConfigure(OptionConverter.java:470)
	at org.apache.log4j.LogManager.<clinit>(LogManager.java:122)
	at org.apache.log4j.Logger.getLogger(Logger.java:104)
	at gov.nih.nci.system.applicationservice.ApplicationServiceProvider.<clinit>(ApplicationServiceProvider.java:18)
	at edu.wustl.catissuecore.bizlogic.test.CaTissueBaseTestCase.setUp(Unknown Source)
	at junit.framework.TestCase.runBare(TestCase.java:128)
	at junit.framework.TestResult$1.protect(TestResult.java:110)
	at junit.framework.TestResult.runProtected(TestResult.java:128)
	at junit.framework.TestResult.run(TestResult.java:113)
	at junit.framework.TestCase.run(TestCase.java:120)
	at junit.framework.TestSuite.runTest(TestSuite.java:228)
	at junit.framework.TestSuite.run(TestSuite.java:223)
	at junit.framework.TestSuite.runTest(TestSuite.java:228)
	at junit.framework.TestSuite.run(TestSuite.java:223)
	at org.apache.tools.ant.taskdefs.optional.junit.JUnitTestRunner.run(JUnitTestRunner.java:421)
	at org.apache.tools.ant.taskdefs.optional.junit.JUnitTestRunner.launch(JUnitTestRunner.java:912)
	at org.apache.tools.ant.taskdefs.optional.junit.JUnitTestRunner.main(JUnitTestRunner.java:766)
log4j:ERROR setFile(null,true) call failed.
java.io.FileNotFoundException: /server/default/log/hibernatesql.log (No such file or directory)
	at java.io.FileOutputStream.openAppend(Native Method)
	at java.io.FileOutputStream.<init>(FileOutputStream.java:177)
	at java.io.FileOutputStream.<init>(FileOutputStream.java:102)
	at org.apache.log4j.FileAppender.setFile(FileAppender.java:289)
	at org.apache.log4j.RollingFileAppender.setFile(RollingFileAppender.java:167)
	at org.apache.log4j.FileAppender.activateOptions(FileAppender.java:163)
	at org.apache.log4j.config.PropertySetter.activate(PropertySetter.java:256)
	at org.apache.log4j.config.PropertySetter.setProperties(PropertySetter.java:132)
	at org.apache.log4j.config.PropertySetter.setProperties(PropertySetter.java:96)
	at org.apache.log4j.PropertyConfigurator.parseAppender(PropertyConfigurator.java:654)
	at org.apache.log4j.PropertyConfigurator.parseCategory(PropertyConfigurator.java:612)
	at org.apache.log4j.PropertyConfigurator.parseCatsAndRenderers(PropertyConfigurator.java:533)
	at org.apache.log4j.PropertyConfigurator.doConfigure(PropertyConfigurator.java:417)
	at org.apache.log4j.PropertyConfigurator.doConfigure(PropertyConfigurator.java:441)
	at org.apache.log4j.helpers.OptionConverter.selectAndConfigure(OptionConverter.java:470)
	at org.apache.log4j.LogManager.<clinit>(LogManager.java:122)
	at org.apache.log4j.Logger.getLogger(Logger.java:104)
	at gov.nih.nci.system.applicationservice.ApplicationServiceProvider.<clinit>(ApplicationServiceProvider.java:18)
	at edu.wustl.catissuecore.bizlogic.test.CaTissueBaseTestCase.setUp(Unknown Source)
	at junit.framework.TestCase.runBare(TestCase.java:128)
	at junit.framework.TestResult$1.protect(TestResult.java:110)
	at junit.framework.TestResult.runProtected(TestResult.java:128)
	at junit.framework.TestResult.run(TestResult.java:113)
	at junit.framework.TestCase.run(TestCase.java:120)
	at junit.framework.TestSuite.runTest(TestSuite.java:228)
	at junit.framework.TestSuite.run(TestSuite.java:223)
	at junit.framework.TestSuite.runTest(TestSuite.java:228)
	at junit.framework.TestSuite.run(TestSuite.java:223)
	at org.apache.tools.ant.taskdefs.optional.junit.JUnitTestRunner.run(JUnitTestRunner.java:421)
	at org.apache.tools.ant.taskdefs.optional.junit.JUnitTestRunner.launch(JUnitTestRunner.java:912)
	at org.apache.tools.ant.taskdefs.optional.junit.JUnitTestRunner.main(JUnitTestRunner.java:766)
]]></system-err>
</testsuite>
