<?xml version="1.0" encoding="UTF-8" ?>
<testsuites>
  <testsuite errors="0" failures="0" hostname="cagrid02.lab.ac.uab.edu" id="0" name="CaTissueTestSuite" package="edu.wustl.catissuecore.bizlogic.test" tests="1" time="4.116" timestamp="2010-02-16T22:43:28">
      <properties>
[...]
</properties>

      <testcase classname="edu.wustl.catissuecore.bizlogic.test.ExcelDataMigrationTestCase" name="testRegisterPart" time="3.895" />

      <system-out><![CDATA[ERROR 16:43:28,166 (ApplicationServiceProvider) - Fatal Error in Initailizing Either Client or Server Implementation of Application Service
 INFO 16:43:28,176 (ApplicationServiceClientImpl) - RECORDSPERQUERY property found : 1000
 INFO 16:43:28,177 (ApplicationServiceClientImpl) - MAXRECORDSPERQUERY property found : 5000
 INFO 16:43:28,221 (XmlBeanDefinitionReader) - Loading XML bean definitions from class path resource [remoteService.xml]
 INFO 16:43:28,294 (AbstractRefreshableApplicationContext) - Bean factory for application context [org.springframework.context.support.ClassPathXmlApplicationContext;hashCode=23025815]: org.springframework.beans.factory.support.DefaultListableBeanFactory defining beans [remoteService]; root of BeanFactory hierarchy
 INFO 16:43:28,299 (AbstractApplicationContext) - 1 beans defined in application context [org.springframework.context.support.ClassPathXmlApplicationContext;hashCode=23025815]
 INFO 16:43:28,301 (CollectionFactory) - JDK 1.4+ collections available
 INFO 16:43:28,304 (AbstractApplicationContext) - Unable to locate MessageSource with name 'messageSource': using default [org.springframework.context.support.DelegatingMessageSource@1386000]
 INFO 16:43:28,306 (AbstractApplicationContext) - Unable to locate ApplicationEventMulticaster with name 'applicationEventMulticaster': using default [org.springframework.context.event.SimpleApplicationEventMulticaster@1662dc8]
 INFO 16:43:28,307 (DefaultListableBeanFactory) - Pre-instantiating singletons in factory [org.springframework.beans.factory.support.DefaultListableBeanFactory defining beans [remoteService]; root of BeanFactory hierarchy]
 INFO 16:43:28,309 (AbstractBeanFactory) - Creating shared instance of singleton bean 'remoteService'
 INFO 16:43:28,425 (DefaultAopProxyFactory) - CGLIB2 available: proxyTargetClass feature enabled
 INFO 16:43:28,450 (ApplicationServiceClientImpl) - RECORDSPERQUERY property found : 1000
 INFO 16:43:28,452 (ApplicationServiceClientImpl) - MAXRECORDSPERQUERY property found : 5000
 INFO 16:43:28,454 (ClientSession) - JVM/Classloader level security policy defined in CORESystem.properties file. Switching security policy to JVM/Classloader
 INFO 16:43:28,456 (XmlBeanDefinitionReader) - Loading XML bean definitions from class path resource [remoteService.xml]
 INFO 16:43:28,468 (AbstractRefreshableApplicationContext) - Bean factory for application context [org.springframework.context.support.ClassPathXmlApplicationContext;hashCode=6183504]: org.springframework.beans.factory.support.DefaultListableBeanFactory defining beans [remoteService]; root of BeanFactory hierarchy
 INFO 16:43:28,468 (AbstractApplicationContext) - 1 beans defined in application context [org.springframework.context.support.ClassPathXmlApplicationContext;hashCode=6183504]
 INFO 16:43:28,468 (AbstractApplicationContext) - Unable to locate MessageSource with name 'messageSource': using default [org.springframework.context.support.DelegatingMessageSource@1b9240e]
 INFO 16:43:28,470 (AbstractApplicationContext) - Unable to locate ApplicationEventMulticaster with name 'applicationEventMulticaster': using default [org.springframework.context.event.SimpleApplicationEventMulticaster@1ee4648]
 INFO 16:43:28,470 (DefaultListableBeanFactory) - Pre-instantiating singletons in factory [org.springframework.beans.factory.support.DefaultListableBeanFactory defining beans [remoteService]; root of BeanFactory hierarchy]
 INFO 16:43:28,470 (AbstractBeanFactory) - Creating shared instance of singleton bean 'remoteService'
---------START ExcelTestCaseUtility.registerParticipants----------
user.dir  /home/catissue/src/BSP_Data_Migration
START Excel file ReaderConstructor
END Excel file ReaderConstructor
---------START ExcelFileReader.setInfo()---------
No of rows ---2
No of columns----24
excel length 3
---------END ExcelFileReader.setInfo()---------
---------START DataMigrationUtil.writeToCaTissue()---------
Total no. of rows: 2
----------START Processing for row number 1---------------
---------START ImportParticipant.initParticipant()---------
lastname=Villarreal firstname=Sandra middlename= dob=27290.0 gender=F hospitalOR=UAH medrecno=1461640 race=Caucasian
 WARN 16:43:28,768 (LoggerConfig) - Application specific logger configuration is not done. Please use Logger.configureLogger(path) before using getLogger()
---------START ImportSite.getSite()---------
 WARN 16:43:28,773 (LoggerConfig) - Application specific logger configuration is not done. Please use Logger.configureLogger(path) before using getLogger()
Searching Domain Object........
 WARN 16:43:29,005 (LoggerConfig) - Application specific logger configuration is not done. Please use Logger.configureLogger(path) before using getLogger()
 Domain Object is successfully Found ---->  :: UAH 2 Collection Site
---------END ImportSite.getSite()---------
---------START ImportCPR.registerParticipantToCP()---------
---------START ImportCPR.initCPR()---------
 WARN 16:43:29,017 (LoggerConfig) - Application specific logger configuration is not done. Please use Logger.configureLogger(path) before using getLogger()
 WARN 16:43:29,022 (LoggerConfig) - Application specific logger configuration is not done. Please use Logger.configureLogger(path) before using getLogger()
 WARN 16:43:29,023 (LoggerConfig) - Application specific logger configuration is not done. Please use Logger.configureLogger(path) before using getLogger()
Searching Domain Object........
 WARN 16:43:29,150 (LoggerConfig) - Application specific logger configuration is not done. Please use Logger.configureLogger(path) before using getLogger()
Domain Object found is ---->  :: Dev Import BSP,1,dev-import-bsp
CP is Dev Import BSP
********Consent Tier Collection is not null
---------START ImportSCG.createSCG()---------
 WARN 16:43:29,174 (LoggerConfig) - Application specific logger configuration is not done. Please use Logger.configureLogger(path) before using getLogger()
---------END ImportSCG.createSCG()---------
Returned CPR is: edu.wustl.catissuecore.domain.CollectionProtocolRegistration@15a6029
---------END ImportCPR.initCPR()---------
 WARN 16:43:29,551 (LoggerConfig) - Application specific logger configuration is not done. Please use Logger.configureLogger(path) before using getLogger()
 WARN 16:43:29,571 (LoggerConfig) - Application specific logger configuration is not done. Please use Logger.configureLogger(path) before using getLogger()
 WARN 16:43:29,582 (LoggerConfig) - Application specific logger configuration is not done. Please use Logger.configureLogger(path) before using getLogger()
 WARN 16:43:29,598 (LoggerConfig) - Application specific logger configuration is not done. Please use Logger.configureLogger(path) before using getLogger()
Object created successfully
Participant Added successfully .. id is 7First Name is: Sandra Last Name is: Villarreal
---------START ImportCPR.registerParticipantToCP()---------
---------START ImportParticipant.getParticipantSCG()---------
---------END ImportParticipant.getParticipantSCG()---------
---------START ImportSCG.updateSCG()---------
---------START ImportSite.getSite()---------
Searching Domain Object........
 Domain Object is successfully Found ---->  :: UAH 2 Collection Site
---------END ImportSite.getSite()---------
---------START ImportSpecimenEventParameters.addCEP()---------
---------END ImportSpecimenEventParameters.addCEP()---------
---------START ImportSpecimenEventParameters.addREP()---------
---------END ImportSpecimenEventParameters.addREP()---------
Specimen Collection Status: true
---------END ImportSCG.updateSCG()---------
---------START ImportSpecimen.addSpecimens()---------
---------START ImportFluidSpecimen.createFluidSpecimen()---------
---------START ImportFluidSpecimen.setFluidSpecimenAttributes()---------
 WARN 16:43:30,831 (LoggerConfig) - Application specific logger configuration is not done. Please use Logger.configureLogger(path) before using getLogger()
 WARN 16:43:30,833 (LoggerConfig) - Application specific logger configuration is not done. Please use Logger.configureLogger(path) before using getLogger()
---------START ImportSpecimen.setSpChar()---------
---------END ImportSpecimen.setSpChar()---------
---------START ImportSpecimenEventParameters.addCEP()---------
---------END ImportSpecimenEventParameters.addCEP()---------
---------START ImportSpecimenEventParameters.addREP()---------
---------END ImportSpecimenEventParameters.addREP()---------
---------END ImportFluidSpecimen.setFluidSpecimenAttributes()---------
---------START ImportFluidSpecimen.setLabelAndBarcode()---------
---------END ImportFluidSpecimen.setLabelAndBarcode()---------
Object created successfully
Tissue specimen added successfully: Lineage New Label: BF970901076-New Id: edu.wustl.catissuecore.domain.Specimen_18
---------End ImportFluidSpecimen.createFluidSpecimen()---------
---------START ImportFluidSpecimen.createFluidSpecimen()---------
---------START ImportFluidSpecimen.setFluidSpecimenAttributes()---------
---------START ImportSpecimen.setSpChar()---------
---------END ImportSpecimen.setSpChar()---------
---------START ImportSpecimenEventParameters.addCEP()---------
---------END ImportSpecimenEventParameters.addCEP()---------
---------START ImportSpecimenEventParameters.addREP()---------
---------END ImportSpecimenEventParameters.addREP()---------
---------END ImportFluidSpecimen.setFluidSpecimenAttributes()---------
---------START ImportFluidSpecimen.setLabelAndBarcode()---------
---------END ImportFluidSpecimen.setLabelAndBarcode()---------
Object created successfully
Tissue specimen added successfully: Lineage Derived Label: BF970901076-Derived Id: edu.wustl.catissuecore.domain.Specimen_19
---------End ImportFluidSpecimen.createFluidSpecimen()---------
---------START ImportFluidSpecimen.updateFluidSpecimen()---------
Object updated successfully
Tissue specimen updated: collection status: Collected Label: BF970901076-New Av.Qty: 0.0 Id: edu.wustl.catissuecore.domain.Specimen_18
---------End ImportFluidSpecimen.updateFluidSpecimen()---------
---------START ImportFluidSpecimen.updateFluidSpecimen()---------
Object updated successfully
Tissue specimen updated: collection status: Collected Label: BF970901076-Derived Av.Qty: 0.0 Id: edu.wustl.catissuecore.domain.Specimen_19
---------End ImportFluidSpecimen.updateFluidSpecimen()---------
---------END ImportSpecimen.addSpecimens()---------
----------END Processing for row number 1---------------
---------END DataMigrationUtil.writeToCaTissue()---------
---------END ExcelTestCaseUtility.registerParticipant-----------
]]></system-out>

      <system-err><![CDATA[log4j:ERROR setFile(null,true) call failed.
java.io.FileNotFoundException: /server/default/log/query.log (Permission denied)
	at java.io.FileOutputStream.openAppend(Native Method)
	at java.io.FileOutputStream.<init>(FileOutputStream.java:177)
	at java.io.FileOutputStream.<init>(FileOutputStream.java:102)
	at org.apache.log4j.FileAppender.setFile(FileAppender.java:289)
	at org.apache.log4j.RollingFileAppender.setFile(RollingFileAppender.java:167)
	at org.apache.log4j.FileAppender.activateOptions(FileAppender.java:163)
	at org.apache.log4j.config.PropertySetter.activate(PropertySetter.java:256)
	at org.apache.log4j.config.PropertySetter.setProperties(PropertySetter.java:132)
	at org.apache.log4j.config.PropertySetter.setProperties(PropertySetter.java:96)
	at org.apache.log4j.PropertyConfigurator.parseAppender(PropertyConfigurator.java:654)
	at org.apache.log4j.PropertyConfigurator.parseCategory(PropertyConfigurator.java:612)
	at org.apache.log4j.PropertyConfigurator.parseCatsAndRenderers(PropertyConfigurator.java:533)
	at org.apache.log4j.PropertyConfigurator.doConfigure(PropertyConfigurator.java:417)
	at org.apache.log4j.PropertyConfigurator.doConfigure(PropertyConfigurator.java:441)
	at org.apache.log4j.helpers.OptionConverter.selectAndConfigure(OptionConverter.java:470)
	at org.apache.log4j.LogManager.<clinit>(LogManager.java:122)
	at org.apache.log4j.Logger.getLogger(Logger.java:104)
	at gov.nih.nci.system.applicationservice.ApplicationServiceProvider.<clinit>(ApplicationServiceProvider.java:18)
	at edu.wustl.catissuecore.bizlogic.test.CaTissueBaseTestCase.setUp(Unknown Source)
	at junit.framework.TestCase.runBare(TestCase.java:128)
	at junit.framework.TestResult$1.protect(TestResult.java:110)
	at junit.framework.TestResult.runProtected(TestResult.java:128)
	at junit.framework.TestResult.run(TestResult.java:113)
	at junit.framework.TestCase.run(TestCase.java:120)
	at junit.framework.TestSuite.runTest(TestSuite.java:228)
	at junit.framework.TestSuite.run(TestSuite.java:223)
	at junit.framework.TestSuite.runTest(TestSuite.java:228)
	at junit.framework.TestSuite.run(TestSuite.java:223)
	at org.apache.tools.ant.taskdefs.optional.junit.JUnitTestRunner.run(JUnitTestRunner.java:421)
	at org.apache.tools.ant.taskdefs.optional.junit.JUnitTestRunner.launch(JUnitTestRunner.java:912)
	at org.apache.tools.ant.taskdefs.optional.junit.JUnitTestRunner.main(JUnitTestRunner.java:766)
log4j:ERROR setFile(null,true) call failed.
java.io.FileNotFoundException: /server/default/log/hibernatesql.log (Permission denied)
	at java.io.FileOutputStream.openAppend(Native Method)
	at java.io.FileOutputStream.<init>(FileOutputStream.java:177)
	at java.io.FileOutputStream.<init>(FileOutputStream.java:102)
	at org.apache.log4j.FileAppender.setFile(FileAppender.java:289)
	at org.apache.log4j.RollingFileAppender.setFile(RollingFileAppender.java:167)
	at org.apache.log4j.FileAppender.activateOptions(FileAppender.java:163)
	at org.apache.log4j.config.PropertySetter.activate(PropertySetter.java:256)
	at org.apache.log4j.config.PropertySetter.setProperties(PropertySetter.java:132)
	at org.apache.log4j.config.PropertySetter.setProperties(PropertySetter.java:96)
	at org.apache.log4j.PropertyConfigurator.parseAppender(PropertyConfigurator.java:654)
	at org.apache.log4j.PropertyConfigurator.parseCategory(PropertyConfigurator.java:612)
	at org.apache.log4j.PropertyConfigurator.parseCatsAndRenderers(PropertyConfigurator.java:533)
	at org.apache.log4j.PropertyConfigurator.doConfigure(PropertyConfigurator.java:417)
	at org.apache.log4j.PropertyConfigurator.doConfigure(PropertyConfigurator.java:441)
	at org.apache.log4j.helpers.OptionConverter.selectAndConfigure(OptionConverter.java:470)
	at org.apache.log4j.LogManager.<clinit>(LogManager.java:122)
	at org.apache.log4j.Logger.getLogger(Logger.java:104)
	at gov.nih.nci.system.applicationservice.ApplicationServiceProvider.<clinit>(ApplicationServiceProvider.java:18)
	at edu.wustl.catissuecore.bizlogic.test.CaTissueBaseTestCase.setUp(Unknown Source)
	at junit.framework.TestCase.runBare(TestCase.java:128)
	at junit.framework.TestResult$1.protect(TestResult.java:110)
	at junit.framework.TestResult.runProtected(TestResult.java:128)
	at junit.framework.TestResult.run(TestResult.java:113)
	at junit.framework.TestCase.run(TestCase.java:120)
	at junit.framework.TestSuite.runTest(TestSuite.java:228)
	at junit.framework.TestSuite.run(TestSuite.java:223)
	at junit.framework.TestSuite.runTest(TestSuite.java:228)
	at junit.framework.TestSuite.run(TestSuite.java:223)
	at org.apache.tools.ant.taskdefs.optional.junit.JUnitTestRunner.run(JUnitTestRunner.java:421)
	at org.apache.tools.ant.taskdefs.optional.junit.JUnitTestRunner.launch(JUnitTestRunner.java:912)
	at org.apache.tools.ant.taskdefs.optional.junit.JUnitTestRunner.main(JUnitTestRunner.java:766)
]]></system-err>

  </testsuite>
</testsuites>
