<?xml version="1.0" encoding="UTF-8" ?>
<testsuite errors="0" failures="1" hostname="cagrid02.lab.ac.uab.edu" name="edu.wustl.catissuecore.bizlogic.test.CaTissueTestSuite" tests="1" time="1.348" timestamp="2010-03-02T00:42:19">
  <properties>
[...]
</properties>
  <testcase classname="edu.wustl.catissuecore.bizlogic.test.ExcelDataMigrationTestCase" name="testRegisterPart" time="1.196">
    <failure message="Falied" type="junit.framework.AssertionFailedError">junit.framework.AssertionFailedError: Falied
	at edu.wustl.catissuecore.bizlogic.test.ExcelDataMigrationTestCase.testRegisterPart(Unknown Source)
</failure>
  </testcase>
  <system-out><![CDATA[ERROR 18:42:19,470 (ApplicationServiceProvider) - Fatal Error in Initailizing Either Client or Server Implementation of Application Service
 INFO 18:42:19,479 (ApplicationServiceClientImpl) - RECORDSPERQUERY property found : 1000
 INFO 18:42:19,480 (ApplicationServiceClientImpl) - MAXRECORDSPERQUERY property found : 5000
 INFO 18:42:19,524 (XmlBeanDefinitionReader) - Loading XML bean definitions from class path resource [remoteService.xml]
 INFO 18:42:19,597 (AbstractRefreshableApplicationContext) - Bean factory for application context [org.springframework.context.support.ClassPathXmlApplicationContext;hashCode=23025815]: org.springframework.beans.factory.support.DefaultListableBeanFactory defining beans [remoteService]; root of BeanFactory hierarchy
 INFO 18:42:19,602 (AbstractApplicationContext) - 1 beans defined in application context [org.springframework.context.support.ClassPathXmlApplicationContext;hashCode=23025815]
 INFO 18:42:19,605 (CollectionFactory) - JDK 1.4+ collections available
 INFO 18:42:19,607 (AbstractApplicationContext) - Unable to locate MessageSource with name 'messageSource': using default [org.springframework.context.support.DelegatingMessageSource@1386000]
 INFO 18:42:19,609 (AbstractApplicationContext) - Unable to locate ApplicationEventMulticaster with name 'applicationEventMulticaster': using default [org.springframework.context.event.SimpleApplicationEventMulticaster@1662dc8]
 INFO 18:42:19,610 (DefaultListableBeanFactory) - Pre-instantiating singletons in factory [org.springframework.beans.factory.support.DefaultListableBeanFactory defining beans [remoteService]; root of BeanFactory hierarchy]
 INFO 18:42:19,611 (AbstractBeanFactory) - Creating shared instance of singleton bean 'remoteService'
 INFO 18:42:19,728 (DefaultAopProxyFactory) - CGLIB2 available: proxyTargetClass feature enabled
 INFO 18:42:19,752 (ApplicationServiceClientImpl) - RECORDSPERQUERY property found : 1000
 INFO 18:42:19,753 (ApplicationServiceClientImpl) - MAXRECORDSPERQUERY property found : 5000
 INFO 18:42:19,755 (ClientSession) - JVM/Classloader level security policy defined in CORESystem.properties file. Switching security policy to JVM/Classloader
 INFO 18:42:19,757 (XmlBeanDefinitionReader) - Loading XML bean definitions from class path resource [remoteService.xml]
 INFO 18:42:19,767 (AbstractRefreshableApplicationContext) - Bean factory for application context [org.springframework.context.support.ClassPathXmlApplicationContext;hashCode=6183504]: org.springframework.beans.factory.support.DefaultListableBeanFactory defining beans [remoteService]; root of BeanFactory hierarchy
 INFO 18:42:19,767 (AbstractApplicationContext) - 1 beans defined in application context [org.springframework.context.support.ClassPathXmlApplicationContext;hashCode=6183504]
 INFO 18:42:19,768 (AbstractApplicationContext) - Unable to locate MessageSource with name 'messageSource': using default [org.springframework.context.support.DelegatingMessageSource@1b9240e]
 INFO 18:42:19,769 (AbstractApplicationContext) - Unable to locate ApplicationEventMulticaster with name 'applicationEventMulticaster': using default [org.springframework.context.event.SimpleApplicationEventMulticaster@1ee4648]
 INFO 18:42:19,769 (DefaultListableBeanFactory) - Pre-instantiating singletons in factory [org.springframework.beans.factory.support.DefaultListableBeanFactory defining beans [remoteService]; root of BeanFactory hierarchy]
 INFO 18:42:19,769 (AbstractBeanFactory) - Creating shared instance of singleton bean 'remoteService'
---------START ExcelTestCaseUtility.registerParticipants----------
user.dir  /home/catissue/src/bsp-data-migration
---------Adding Patient p1670----------------
data is: Brumbaugh
data is: Charlene
data is: 
data is: 08-07-1958 0:00:00
data is: F
data is: UAH
data is: 1996806
data is: Caucasian
data is: 
data is: Oligodendroblastoma
data is: 06-22-2005 0:00:00
data is: 
data is: Surgical Resection
data is: Sterile Specimen Container
data is: 11-14-2004
data is: Acceptable
data is: BF050601067
data is: 1
data is: Malignant
data is: 6
data is: Brain, NOS
data is: Left
data is: SERUM (MEDIGENE, GBM, RECURRENT)
data is: 46
data is: 1002/0
lastname = Brumbaugh firstname = Charlene middlename =  dob = 08-07-1958 0:00:00 gender = F hospitalOR = UAH medrecno = 1996806 race = Caucasian surgpathno =  diagnosis = Oligodendroblastoma opdate = 06-22-2005 0:00:00 surgeon =  colProc = Surgical Resection colcont = Sterile Specimen Container accession = 11-14-2004 rcvqlty = Acceptable codeId = BF050601067 octs = 1 pathStatus = Malignant lnvial = 6 tsite = Brain, NOS tside = Left accessdd diag = SERUM (MEDIGENE, GBM, RECURRENT)
---------START DataMigrationUtil.writeToCaTissue()---------
 WARN 18:42:19,865 (LoggerConfig) - Application specific logger configuration is not done. Please use Logger.configureLogger(path) before using getLogger()
Date from excel is: 08-07-1958 0:00:00 Converted Date is Thu Aug 07 00:00:00 CDT 1958
 INFO 18:42:19,869 (ImportParticipant) -  searching domain object
 WARN 18:42:19,939 (LoggerConfig) - Application specific logger configuration is not done. Please use Logger.configureLogger(path) before using getLogger()
 WARN 18:42:19,944 (LoggerConfig) - Application specific logger configuration is not done. Please use Logger.configureLogger(path) before using getLogger()
 WARN 18:42:19,946 (LoggerConfig) - Application specific logger configuration is not done. Please use Logger.configureLogger(path) before using getLogger()
 WARN 18:42:19,953 (LoggerConfig) - Application specific logger configuration is not done. Please use Logger.configureLogger(path) before using getLogger()
 WARN 18:42:20,000 (LoggerConfig) - Application specific logger configuration is not done. Please use Logger.configureLogger(path) before using getLogger()
 WARN 18:42:20,009 (LoggerConfig) - Application specific logger configuration is not done. Please use Logger.configureLogger(path) before using getLogger()
 Domain Object is successfully Found ---->  :: Charlene Brumbaugh
participant = edu.wustl.catissuecore.domain.Participant@1b3f8f6
 Pt Obj is not null block: participant = edu.wustl.catissuecore.domain.Participant@1b3f8f6
---------START ImportSCG.createAnotherVisitSCG()---------
 WARN 18:42:20,017 (LoggerConfig) - Application specific logger configuration is not done. Please use Logger.configureLogger(path) before using getLogger()
---------START ImportSCG.createSCG()---------
---------END ImportSCG.createSCG()---------
---------START ImportSite.getSite()---------
Searching Domain Object........
 Domain Object is successfully Found ---->  :: UAH 4 Collection Site
---------END ImportSite.getSite()---------
---------START ImportSpecimenEventParameters.addCEP()---------
 WARN 18:42:20,071 (LoggerConfig) - Application specific logger configuration is not done. Please use Logger.configureLogger(path) before using getLogger()
 WARN 18:42:20,073 (LoggerConfig) - Application specific logger configuration is not done. Please use Logger.configureLogger(path) before using getLogger()
Date from excel is: 06-22-2005 0:00:00 Converted Date is Wed Jun 22 00:00:00 CDT 2005
---------END ImportSpecimenEventParameters.addCEP()---------
---------START ImportSpecimenEventParameters.addREP()---------
 WARN 18:42:20,139 (LoggerConfig) - Application specific logger configuration is not done. Please use Logger.configureLogger(path) before using getLogger()
Date from excel is: 11-14-2004 Converted Date is Sun Nov 14 00:00:00 CST 2004
---------END ImportSpecimenEventParameters.addREP()---------
 WARN 18:42:20,519 (LoggerConfig) - Application specific logger configuration is not done. Please use Logger.configureLogger(path) before using getLogger()
new scg created = Import Brain SPORE_631_1664 collection status = Complete
---------END ImportSCG.createAnotherVisitSCG()---------
---------START ImportSpecimen.addSpecimens()---------
lnvial = 6
Inside fluidspecimen
 WARN 18:42:20,538 (LoggerConfig) - Application specific logger configuration is not done. Please use Logger.configureLogger(path) before using getLogger()
 WARN 18:42:20,538 (LoggerConfig) - Application specific logger configuration is not done. Please use Logger.configureLogger(path) before using getLogger()
Setting parameters
Date from excel is: 06-22-2005 0:00:00 Converted Date is Wed Jun 22 00:00:00 CDT 2005
Date from excel is: 11-14-2004 Converted Date is Sun Nov 14 00:00:00 CST 2004
Before Creating Parent Fluid Specimen
ERROR 18:42:20,603 (ImportFluidSpecimen) - Problem while inserting data/changes to database.
gov.nih.nci.system.applicationservice.ApplicationException: Problem while inserting data/changes to database.
	at gov.nih.nci.system.comm.server.ApplicationServiceServerImpl.handleException(ApplicationServiceServerImpl.java:472)
	at gov.nih.nci.system.comm.server.ApplicationServiceServerImpl.callDelegator(ApplicationServiceServerImpl.java:426)
	at gov.nih.nci.system.comm.server.ApplicationServiceServerImpl.createObject(ApplicationServiceServerImpl.java:209)
	at sun.reflect.GeneratedMethodAccessor260.invoke(Unknown Source)
	at sun.reflect.DelegatingMethodAccessorImpl.invoke(DelegatingMethodAccessorImpl.java:25)
	at java.lang.reflect.Method.invoke(Method.java:585)
	at org.springframework.aop.support.AopUtils.invokeJoinpointUsingReflection(AopUtils.java:287)
	at org.springframework.aop.framework.ReflectiveMethodInvocation.invokeJoinpoint(ReflectiveMethodInvocation.java:181)
	at org.springframework.aop.framework.ReflectiveMethodInvocation.proceed(ReflectiveMethodInvocation.java:148)
	at org.springframework.remoting.support.RemoteInvocationTraceInterceptor.invoke(RemoteInvocationTraceInterceptor.java:68)
	at org.springframework.aop.framework.ReflectiveMethodInvocation.proceed(ReflectiveMethodInvocation.java:170)
	at org.springframework.aop.framework.JdkDynamicAopProxy.invoke(JdkDynamicAopProxy.java:176)
	at $Proxy77.createObject(Unknown Source)
	at sun.reflect.GeneratedMethodAccessor282.invoke(Unknown Source)
	at sun.reflect.DelegatingMethodAccessorImpl.invoke(DelegatingMethodAccessorImpl.java:25)
	at java.lang.reflect.Method.invoke(Method.java:585)
	at org.springframework.remoting.support.RemoteInvocation.invoke(RemoteInvocation.java:179)
	at org.springframework.remoting.support.DefaultRemoteInvocationExecutor.invoke(DefaultRemoteInvocationExecutor.java:32)
	at org.springframework.remoting.support.RemoteInvocationBasedExporter.invoke(RemoteInvocationBasedExporter.java:70)
	at org.springframework.remoting.support.RemoteInvocationBasedExporter.invokeAndCreateResult(RemoteInvocationBasedExporter.java:106)
	at org.springframework.remoting.httpinvoker.HttpInvokerServiceExporter.handleRequest(HttpInvokerServiceExporter.java:80)
	at org.springframework.web.servlet.mvc.SimpleControllerHandlerAdapter.handle(SimpleControllerHandlerAdapter.java:44)
	at org.springframework.web.servlet.DispatcherServlet.doDispatch(DispatcherServlet.java:684)
	at org.springframework.web.servlet.DispatcherServlet.doService(DispatcherServlet.java:625)
	at org.springframework.web.servlet.FrameworkServlet.serviceWrapper(FrameworkServlet.java:386)
	at org.springframework.web.servlet.FrameworkServlet.doPost(FrameworkServlet.java:355)
	at javax.servlet.http.HttpServlet.service(HttpServlet.java:710)
	at javax.servlet.http.HttpServlet.service(HttpServlet.java:803)
	at org.apache.catalina.core.ApplicationFilterChain.internalDoFilter(ApplicationFilterChain.java:290)
	at org.apache.catalina.core.ApplicationFilterChain.doFilter(ApplicationFilterChain.java:206)
	at org.jboss.web.tomcat.filters.ReplyHeaderFilter.doFilter(ReplyHeaderFilter.java:96)
	at org.apache.catalina.core.ApplicationFilterChain.internalDoFilter(ApplicationFilterChain.java:235)
	at org.apache.catalina.core.ApplicationFilterChain.doFilter(ApplicationFilterChain.java:206)
	at org.apache.catalina.core.StandardWrapperValve.invoke(StandardWrapperValve.java:230)
	at org.apache.catalina.core.StandardContextValve.invoke(StandardContextValve.java:175)
	at org.jboss.web.tomcat.security.SecurityAssociationValve.invoke(SecurityAssociationValve.java:179)
	at org.jboss.web.tomcat.security.JaccContextValve.invoke(JaccContextValve.java:84)
	at org.apache.catalina.core.StandardHostValve.invoke(StandardHostValve.java:127)
	at org.apache.catalina.valves.ErrorReportValve.invoke(ErrorReportValve.java:102)
	at org.jboss.web.tomcat.service.jca.CachedConnectionValve.invoke(CachedConnectionValve.java:157)
	at org.apache.catalina.core.StandardEngineValve.invoke(StandardEngineValve.java:109)
	at org.apache.catalina.connector.CoyoteAdapter.service(CoyoteAdapter.java:262)
	at org.apache.coyote.http11.Http11Processor.process(Http11Processor.java:844)
	at org.apache.coyote.http11.Http11Protocol$Http11ConnectionHandler.process(Http11Protocol.java:583)
	at org.apache.tomcat.util.net.JIoEndpoint$Worker.run(JIoEndpoint.java:446)
	at java.lang.Thread.run(Thread.java:595)
Exception in ExcelTestCaseUtility.readTsvAndWriteToMigrationUtil()
Exception in ExcelTestCaseUtility.registerParticipants()
]]></system-out>
  <system-err><![CDATA[log4j:ERROR setFile(null,true) call failed.
java.io.FileNotFoundException: /server/default/log/query.log (Permission denied)
	at java.io.FileOutputStream.openAppend(Native Method)
	at java.io.FileOutputStream.<init>(FileOutputStream.java:177)
	at java.io.FileOutputStream.<init>(FileOutputStream.java:102)
	at org.apache.log4j.FileAppender.setFile(FileAppender.java:289)
	at org.apache.log4j.RollingFileAppender.setFile(RollingFileAppender.java:167)
	at org.apache.log4j.FileAppender.activateOptions(FileAppender.java:163)
	at org.apache.log4j.config.PropertySetter.activate(PropertySetter.java:256)
	at org.apache.log4j.config.PropertySetter.setProperties(PropertySetter.java:132)
	at org.apache.log4j.config.PropertySetter.setProperties(PropertySetter.java:96)
	at org.apache.log4j.PropertyConfigurator.parseAppender(PropertyConfigurator.java:654)
	at org.apache.log4j.PropertyConfigurator.parseCategory(PropertyConfigurator.java:612)
	at org.apache.log4j.PropertyConfigurator.parseCatsAndRenderers(PropertyConfigurator.java:533)
	at org.apache.log4j.PropertyConfigurator.doConfigure(PropertyConfigurator.java:417)
	at org.apache.log4j.PropertyConfigurator.doConfigure(PropertyConfigurator.java:441)
	at org.apache.log4j.helpers.OptionConverter.selectAndConfigure(OptionConverter.java:470)
	at org.apache.log4j.LogManager.<clinit>(LogManager.java:122)
	at org.apache.log4j.Logger.getLogger(Logger.java:104)
	at gov.nih.nci.system.applicationservice.ApplicationServiceProvider.<clinit>(ApplicationServiceProvider.java:18)
	at edu.wustl.catissuecore.bizlogic.test.CaTissueBaseTestCase.setUp(Unknown Source)
	at junit.framework.TestCase.runBare(TestCase.java:128)
	at junit.framework.TestResult$1.protect(TestResult.java:110)
	at junit.framework.TestResult.runProtected(TestResult.java:128)
	at junit.framework.TestResult.run(TestResult.java:113)
	at junit.framework.TestCase.run(TestCase.java:120)
	at junit.framework.TestSuite.runTest(TestSuite.java:228)
	at junit.framework.TestSuite.run(TestSuite.java:223)
	at junit.framework.TestSuite.runTest(TestSuite.java:228)
	at junit.framework.TestSuite.run(TestSuite.java:223)
	at org.apache.tools.ant.taskdefs.optional.junit.JUnitTestRunner.run(JUnitTestRunner.java:421)
	at org.apache.tools.ant.taskdefs.optional.junit.JUnitTestRunner.launch(JUnitTestRunner.java:912)
	at org.apache.tools.ant.taskdefs.optional.junit.JUnitTestRunner.main(JUnitTestRunner.java:766)
log4j:ERROR setFile(null,true) call failed.
java.io.FileNotFoundException: /server/default/log/hibernatesql.log (Permission denied)
	at java.io.FileOutputStream.openAppend(Native Method)
	at java.io.FileOutputStream.<init>(FileOutputStream.java:177)
	at java.io.FileOutputStream.<init>(FileOutputStream.java:102)
	at org.apache.log4j.FileAppender.setFile(FileAppender.java:289)
	at org.apache.log4j.RollingFileAppender.setFile(RollingFileAppender.java:167)
	at org.apache.log4j.FileAppender.activateOptions(FileAppender.java:163)
	at org.apache.log4j.config.PropertySetter.activate(PropertySetter.java:256)
	at org.apache.log4j.config.PropertySetter.setProperties(PropertySetter.java:132)
	at org.apache.log4j.config.PropertySetter.setProperties(PropertySetter.java:96)
	at org.apache.log4j.PropertyConfigurator.parseAppender(PropertyConfigurator.java:654)
	at org.apache.log4j.PropertyConfigurator.parseCategory(PropertyConfigurator.java:612)
	at org.apache.log4j.PropertyConfigurator.parseCatsAndRenderers(PropertyConfigurator.java:533)
	at org.apache.log4j.PropertyConfigurator.doConfigure(PropertyConfigurator.java:417)
	at org.apache.log4j.PropertyConfigurator.doConfigure(PropertyConfigurator.java:441)
	at org.apache.log4j.helpers.OptionConverter.selectAndConfigure(OptionConverter.java:470)
	at org.apache.log4j.LogManager.<clinit>(LogManager.java:122)
	at org.apache.log4j.Logger.getLogger(Logger.java:104)
	at gov.nih.nci.system.applicationservice.ApplicationServiceProvider.<clinit>(ApplicationServiceProvider.java:18)
	at edu.wustl.catissuecore.bizlogic.test.CaTissueBaseTestCase.setUp(Unknown Source)
	at junit.framework.TestCase.runBare(TestCase.java:128)
	at junit.framework.TestResult$1.protect(TestResult.java:110)
	at junit.framework.TestResult.runProtected(TestResult.java:128)
	at junit.framework.TestResult.run(TestResult.java:113)
	at junit.framework.TestCase.run(TestCase.java:120)
	at junit.framework.TestSuite.runTest(TestSuite.java:228)
	at junit.framework.TestSuite.run(TestSuite.java:223)
	at junit.framework.TestSuite.runTest(TestSuite.java:228)
	at junit.framework.TestSuite.run(TestSuite.java:223)
	at org.apache.tools.ant.taskdefs.optional.junit.JUnitTestRunner.run(JUnitTestRunner.java:421)
	at org.apache.tools.ant.taskdefs.optional.junit.JUnitTestRunner.launch(JUnitTestRunner.java:912)
	at org.apache.tools.ant.taskdefs.optional.junit.JUnitTestRunner.main(JUnitTestRunner.java:766)
gov.nih.nci.system.applicationservice.ApplicationException: Problem while inserting data/changes to database.
	at gov.nih.nci.system.comm.server.ApplicationServiceServerImpl.handleException(ApplicationServiceServerImpl.java:472)
	at gov.nih.nci.system.comm.server.ApplicationServiceServerImpl.callDelegator(ApplicationServiceServerImpl.java:426)
	at gov.nih.nci.system.comm.server.ApplicationServiceServerImpl.createObject(ApplicationServiceServerImpl.java:209)
	at sun.reflect.GeneratedMethodAccessor260.invoke(Unknown Source)
	at sun.reflect.DelegatingMethodAccessorImpl.invoke(DelegatingMethodAccessorImpl.java:25)
	at java.lang.reflect.Method.invoke(Method.java:585)
	at org.springframework.aop.support.AopUtils.invokeJoinpointUsingReflection(AopUtils.java:287)
	at org.springframework.aop.framework.ReflectiveMethodInvocation.invokeJoinpoint(ReflectiveMethodInvocation.java:181)
	at org.springframework.aop.framework.ReflectiveMethodInvocation.proceed(ReflectiveMethodInvocation.java:148)
	at org.springframework.remoting.support.RemoteInvocationTraceInterceptor.invoke(RemoteInvocationTraceInterceptor.java:68)
	at org.springframework.aop.framework.ReflectiveMethodInvocation.proceed(ReflectiveMethodInvocation.java:170)
	at org.springframework.aop.framework.JdkDynamicAopProxy.invoke(JdkDynamicAopProxy.java:176)
	at $Proxy77.createObject(Unknown Source)
	at sun.reflect.GeneratedMethodAccessor282.invoke(Unknown Source)
	at sun.reflect.DelegatingMethodAccessorImpl.invoke(DelegatingMethodAccessorImpl.java:25)
	at java.lang.reflect.Method.invoke(Method.java:585)
	at org.springframework.remoting.support.RemoteInvocation.invoke(RemoteInvocation.java:179)
	at org.springframework.remoting.support.DefaultRemoteInvocationExecutor.invoke(DefaultRemoteInvocationExecutor.java:32)
	at org.springframework.remoting.support.RemoteInvocationBasedExporter.invoke(RemoteInvocationBasedExporter.java:70)
	at org.springframework.remoting.support.RemoteInvocationBasedExporter.invokeAndCreateResult(RemoteInvocationBasedExporter.java:106)
	at org.springframework.remoting.httpinvoker.HttpInvokerServiceExporter.handleRequest(HttpInvokerServiceExporter.java:80)
	at org.springframework.web.servlet.mvc.SimpleControllerHandlerAdapter.handle(SimpleControllerHandlerAdapter.java:44)
	at org.springframework.web.servlet.DispatcherServlet.doDispatch(DispatcherServlet.java:684)
	at org.springframework.web.servlet.DispatcherServlet.doService(DispatcherServlet.java:625)
	at org.springframework.web.servlet.FrameworkServlet.serviceWrapper(FrameworkServlet.java:386)
	at org.springframework.web.servlet.FrameworkServlet.doPost(FrameworkServlet.java:355)
	at javax.servlet.http.HttpServlet.service(HttpServlet.java:710)
	at javax.servlet.http.HttpServlet.service(HttpServlet.java:803)
	at org.apache.catalina.core.ApplicationFilterChain.internalDoFilter(ApplicationFilterChain.java:290)
	at org.apache.catalina.core.ApplicationFilterChain.doFilter(ApplicationFilterChain.java:206)
	at org.jboss.web.tomcat.filters.ReplyHeaderFilter.doFilter(ReplyHeaderFilter.java:96)
	at org.apache.catalina.core.ApplicationFilterChain.internalDoFilter(ApplicationFilterChain.java:235)
	at org.apache.catalina.core.ApplicationFilterChain.doFilter(ApplicationFilterChain.java:206)
	at org.apache.catalina.core.StandardWrapperValve.invoke(StandardWrapperValve.java:230)
	at org.apache.catalina.core.StandardContextValve.invoke(StandardContextValve.java:175)
	at org.jboss.web.tomcat.security.SecurityAssociationValve.invoke(SecurityAssociationValve.java:179)
	at org.jboss.web.tomcat.security.JaccContextValve.invoke(JaccContextValve.java:84)
	at org.apache.catalina.core.StandardHostValve.invoke(StandardHostValve.java:127)
	at org.apache.catalina.valves.ErrorReportValve.invoke(ErrorReportValve.java:102)
	at org.jboss.web.tomcat.service.jca.CachedConnectionValve.invoke(CachedConnectionValve.java:157)
	at org.apache.catalina.core.StandardEngineValve.invoke(StandardEngineValve.java:109)
	at org.apache.catalina.connector.CoyoteAdapter.service(CoyoteAdapter.java:262)
	at org.apache.coyote.http11.Http11Processor.process(Http11Processor.java:844)
	at org.apache.coyote.http11.Http11Protocol$Http11ConnectionHandler.process(Http11Protocol.java:583)
	at org.apache.tomcat.util.net.JIoEndpoint$Worker.run(JIoEndpoint.java:446)
	at java.lang.Thread.run(Thread.java:595)
java.lang.NullPointerException
	at edu.wustl.catissuecore.bizlogic.test.ImportFluidSpecimen.createFluidSpecimen(Unknown Source)
	at edu.wustl.catissuecore.bizlogic.test.ImportSpecimen.addSpecimens(Unknown Source)
	at edu.wustl.catissuecore.bizlogic.test.DataMigrationUtil.writeToCaTissue(Unknown Source)
	at edu.wustl.catissuecore.bizlogic.test.ExcelTestCaseUtility.readTsvAndWriteToMigrationUtil(Unknown Source)
	at edu.wustl.catissuecore.bizlogic.test.ExcelTestCaseUtility.registerParticipants(Unknown Source)
	at edu.wustl.catissuecore.bizlogic.test.ExcelDataMigrationTestCase.testRegisterPart(Unknown Source)
	at sun.reflect.NativeMethodAccessorImpl.invoke0(Native Method)
	at sun.reflect.NativeMethodAccessorImpl.invoke(NativeMethodAccessorImpl.java:39)
	at sun.reflect.DelegatingMethodAccessorImpl.invoke(DelegatingMethodAccessorImpl.java:25)
	at java.lang.reflect.Method.invoke(Method.java:585)
	at junit.framework.TestCase.runTest(TestCase.java:164)
	at junit.framework.TestCase.runBare(TestCase.java:130)
	at junit.framework.TestResult$1.protect(TestResult.java:110)
	at junit.framework.TestResult.runProtected(TestResult.java:128)
	at junit.framework.TestResult.run(TestResult.java:113)
	at junit.framework.TestCase.run(TestCase.java:120)
	at junit.framework.TestSuite.runTest(TestSuite.java:228)
	at junit.framework.TestSuite.run(TestSuite.java:223)
	at junit.framework.TestSuite.runTest(TestSuite.java:228)
	at junit.framework.TestSuite.run(TestSuite.java:223)
	at org.apache.tools.ant.taskdefs.optional.junit.JUnitTestRunner.run(JUnitTestRunner.java:421)
	at org.apache.tools.ant.taskdefs.optional.junit.JUnitTestRunner.launch(JUnitTestRunner.java:912)
	at org.apache.tools.ant.taskdefs.optional.junit.JUnitTestRunner.main(JUnitTestRunner.java:766)
java.lang.NullPointerException
	at edu.wustl.catissuecore.bizlogic.test.ImportFluidSpecimen.createFluidSpecimen(Unknown Source)
	at edu.wustl.catissuecore.bizlogic.test.ImportSpecimen.addSpecimens(Unknown Source)
	at edu.wustl.catissuecore.bizlogic.test.DataMigrationUtil.writeToCaTissue(Unknown Source)
	at edu.wustl.catissuecore.bizlogic.test.ExcelTestCaseUtility.readTsvAndWriteToMigrationUtil(Unknown Source)
	at edu.wustl.catissuecore.bizlogic.test.ExcelTestCaseUtility.registerParticipants(Unknown Source)
	at edu.wustl.catissuecore.bizlogic.test.ExcelDataMigrationTestCase.testRegisterPart(Unknown Source)
	at sun.reflect.NativeMethodAccessorImpl.invoke0(Native Method)
	at sun.reflect.NativeMethodAccessorImpl.invoke(NativeMethodAccessorImpl.java:39)
	at sun.reflect.DelegatingMethodAccessorImpl.invoke(DelegatingMethodAccessorImpl.java:25)
	at java.lang.reflect.Method.invoke(Method.java:585)
	at junit.framework.TestCase.runTest(TestCase.java:164)
	at junit.framework.TestCase.runBare(TestCase.java:130)
	at junit.framework.TestResult$1.protect(TestResult.java:110)
	at junit.framework.TestResult.runProtected(TestResult.java:128)
	at junit.framework.TestResult.run(TestResult.java:113)
	at junit.framework.TestCase.run(TestCase.java:120)
	at junit.framework.TestSuite.runTest(TestSuite.java:228)
	at junit.framework.TestSuite.run(TestSuite.java:223)
	at junit.framework.TestSuite.runTest(TestSuite.java:228)
	at junit.framework.TestSuite.run(TestSuite.java:223)
	at org.apache.tools.ant.taskdefs.optional.junit.JUnitTestRunner.run(JUnitTestRunner.java:421)
	at org.apache.tools.ant.taskdefs.optional.junit.JUnitTestRunner.launch(JUnitTestRunner.java:912)
	at org.apache.tools.ant.taskdefs.optional.junit.JUnitTestRunner.main(JUnitTestRunner.java:766)
java.lang.NullPointerException
	at edu.wustl.catissuecore.bizlogic.test.ImportFluidSpecimen.createFluidSpecimen(Unknown Source)
	at edu.wustl.catissuecore.bizlogic.test.ImportSpecimen.addSpecimens(Unknown Source)
	at edu.wustl.catissuecore.bizlogic.test.DataMigrationUtil.writeToCaTissue(Unknown Source)
	at edu.wustl.catissuecore.bizlogic.test.ExcelTestCaseUtility.readTsvAndWriteToMigrationUtil(Unknown Source)
	at edu.wustl.catissuecore.bizlogic.test.ExcelTestCaseUtility.registerParticipants(Unknown Source)
	at edu.wustl.catissuecore.bizlogic.test.ExcelDataMigrationTestCase.testRegisterPart(Unknown Source)
	at sun.reflect.NativeMethodAccessorImpl.invoke0(Native Method)
	at sun.reflect.NativeMethodAccessorImpl.invoke(NativeMethodAccessorImpl.java:39)
	at sun.reflect.DelegatingMethodAccessorImpl.invoke(DelegatingMethodAccessorImpl.java:25)
	at java.lang.reflect.Method.invoke(Method.java:585)
	at junit.framework.TestCase.runTest(TestCase.java:164)
	at junit.framework.TestCase.runBare(TestCase.java:130)
	at junit.framework.TestResult$1.protect(TestResult.java:110)
	at junit.framework.TestResult.runProtected(TestResult.java:128)
	at junit.framework.TestResult.run(TestResult.java:113)
	at junit.framework.TestCase.run(TestCase.java:120)
	at junit.framework.TestSuite.runTest(TestSuite.java:228)
	at junit.framework.TestSuite.run(TestSuite.java:223)
	at junit.framework.TestSuite.runTest(TestSuite.java:228)
	at junit.framework.TestSuite.run(TestSuite.java:223)
	at org.apache.tools.ant.taskdefs.optional.junit.JUnitTestRunner.run(JUnitTestRunner.java:421)
	at org.apache.tools.ant.taskdefs.optional.junit.JUnitTestRunner.launch(JUnitTestRunner.java:912)
	at org.apache.tools.ant.taskdefs.optional.junit.JUnitTestRunner.main(JUnitTestRunner.java:766)
]]></system-err>
</testsuite>
