<?xml version="1.0" encoding="UTF-8" ?>
<testsuites>
  <testsuite errors="0" failures="0" hostname="cagrid02.lab.ac.uab.edu" id="0" name="CaTissueTestSuite" package="edu.wustl.catissuecore.bizlogic.test" tests="1" time="6.822" timestamp="2010-02-22T20:33:21">
      <properties>
[...]
</properties>

      <testcase classname="edu.wustl.catissuecore.bizlogic.test.ExcelDataMigrationTestCase" name="testRegisterPart" time="6.273" />

      <system-out><![CDATA[ERROR 14:33:21,656 (ApplicationServiceProvider) - Fatal Error in Initailizing Either Client or Server Implementation of Application Service
 INFO 14:33:21,681 (ApplicationServiceClientImpl) - RECORDSPERQUERY property found : 1000
 INFO 14:33:21,683 (ApplicationServiceClientImpl) - MAXRECORDSPERQUERY property found : 5000
 INFO 14:33:21,803 (XmlBeanDefinitionReader) - Loading XML bean definitions from class path resource [remoteService.xml]
 INFO 14:33:22,014 (AbstractRefreshableApplicationContext) - Bean factory for application context [org.springframework.context.support.ClassPathXmlApplicationContext;hashCode=23025815]: org.springframework.beans.factory.support.DefaultListableBeanFactory defining beans [remoteService]; root of BeanFactory hierarchy
 INFO 14:33:22,030 (AbstractApplicationContext) - 1 beans defined in application context [org.springframework.context.support.ClassPathXmlApplicationContext;hashCode=23025815]
 INFO 14:33:22,037 (CollectionFactory) - JDK 1.4+ collections available
 INFO 14:33:22,044 (AbstractApplicationContext) - Unable to locate MessageSource with name 'messageSource': using default [org.springframework.context.support.DelegatingMessageSource@1386000]
 INFO 14:33:22,048 (AbstractApplicationContext) - Unable to locate ApplicationEventMulticaster with name 'applicationEventMulticaster': using default [org.springframework.context.event.SimpleApplicationEventMulticaster@1662dc8]
 INFO 14:33:22,050 (DefaultListableBeanFactory) - Pre-instantiating singletons in factory [org.springframework.beans.factory.support.DefaultListableBeanFactory defining beans [remoteService]; root of BeanFactory hierarchy]
 INFO 14:33:22,054 (AbstractBeanFactory) - Creating shared instance of singleton bean 'remoteService'
 INFO 14:33:22,390 (DefaultAopProxyFactory) - CGLIB2 available: proxyTargetClass feature enabled
 INFO 14:33:22,460 (ApplicationServiceClientImpl) - RECORDSPERQUERY property found : 1000
 INFO 14:33:22,463 (ApplicationServiceClientImpl) - MAXRECORDSPERQUERY property found : 5000
 INFO 14:33:22,470 (ClientSession) - JVM/Classloader level security policy defined in CORESystem.properties file. Switching security policy to JVM/Classloader
 INFO 14:33:22,475 (XmlBeanDefinitionReader) - Loading XML bean definitions from class path resource [remoteService.xml]
 INFO 14:33:22,505 (AbstractRefreshableApplicationContext) - Bean factory for application context [org.springframework.context.support.ClassPathXmlApplicationContext;hashCode=6183504]: org.springframework.beans.factory.support.DefaultListableBeanFactory defining beans [remoteService]; root of BeanFactory hierarchy
 INFO 14:33:22,506 (AbstractApplicationContext) - 1 beans defined in application context [org.springframework.context.support.ClassPathXmlApplicationContext;hashCode=6183504]
 INFO 14:33:22,507 (AbstractApplicationContext) - Unable to locate MessageSource with name 'messageSource': using default [org.springframework.context.support.DelegatingMessageSource@1b9240e]
 INFO 14:33:22,510 (AbstractApplicationContext) - Unable to locate ApplicationEventMulticaster with name 'applicationEventMulticaster': using default [org.springframework.context.event.SimpleApplicationEventMulticaster@1ee4648]
 INFO 14:33:22,511 (DefaultListableBeanFactory) - Pre-instantiating singletons in factory [org.springframework.beans.factory.support.DefaultListableBeanFactory defining beans [remoteService]; root of BeanFactory hierarchy]
 INFO 14:33:22,511 (AbstractBeanFactory) - Creating shared instance of singleton bean 'remoteService'
---------START ExcelTestCaseUtility.registerParticipants----------
user.dir  /home/catissue/src/bsp-data-migration
START Excel file ReaderConstructor
END Excel file ReaderConstructor
---------START ExcelFileReader.setInfo()---------
No of rows ---2
No of columns----24
excel length 3
---------END ExcelFileReader.setInfo()---------
---------START DataMigrationUtil.writeToCaTissue()---------
Total no. of rows: 2
----------START Processing for row number 1---------------
 WARN 14:33:23,434 (LoggerConfig) - Application specific logger configuration is not done. Please use Logger.configureLogger(path) before using getLogger()
 WARN 14:33:23,439 (LoggerConfig) - Application specific logger configuration is not done. Please use Logger.configureLogger(path) before using getLogger()
 INFO 14:33:23,440 (ImportSCG) -  searching domain object
 WARN 14:33:23,828 (LoggerConfig) - Application specific logger configuration is not done. Please use Logger.configureLogger(path) before using getLogger()
 WARN 14:33:23,875 (LoggerConfig) - Application specific logger configuration is not done. Please use Logger.configureLogger(path) before using getLogger()
 WARN 14:33:23,900 (LoggerConfig) - Application specific logger configuration is not done. Please use Logger.configureLogger(path) before using getLogger()
 WARN 14:33:23,907 (LoggerConfig) - Application specific logger configuration is not done. Please use Logger.configureLogger(path) before using getLogger()
 WARN 14:33:23,928 (LoggerConfig) - Application specific logger configuration is not done. Please use Logger.configureLogger(path) before using getLogger()
 WARN 14:33:23,952 (LoggerConfig) - Application specific logger configuration is not done. Please use Logger.configureLogger(path) before using getLogger()
 WARN 14:33:23,988 (LoggerConfig) - Application specific logger configuration is not done. Please use Logger.configureLogger(path) before using getLogger()
 WARN 14:33:24,014 (LoggerConfig) - Application specific logger configuration is not done. Please use Logger.configureLogger(path) before using getLogger()
 WARN 14:33:24,024 (LoggerConfig) - Application specific logger configuration is not done. Please use Logger.configureLogger(path) before using getLogger()
SCG by id is: Import Brain SPORE_1_1 Id: 2
 INFO 14:33:24,030 (ImportSCG) -  Domain Object is successfully Found ---->  :: Import Brain SPORE_1_1
---------START ImportSpecimen.addSpecimens()---------
---------START ImportTissueSpecimen.createTissueSpecimen()---------
---------START ImportTissueSpecimen.setTissueSpecimenAttributes()---------
 WARN 14:33:24,047 (LoggerConfig) - Application specific logger configuration is not done. Please use Logger.configureLogger(path) before using getLogger()
 WARN 14:33:24,048 (LoggerConfig) - Application specific logger configuration is not done. Please use Logger.configureLogger(path) before using getLogger()
---------START ImportSpecimen.setSpChar()---------
---------END ImportSpecimen.setSpChar()---------
---------START ImportSpecimenEventParameters.addCEP()---------
---------END ImportSpecimenEventParameters.addCEP()---------
---------START ImportSpecimenEventParameters.addREP()---------
---------END ImportSpecimenEventParameters.addREP()---------
---------END ImportTissueSpecimen.setTissueSpecimenAttributes()---------
---------START ImportTissueSpecimen.setLabelAndBarcode()---------
---------END ImportTissueSpecimen.setLabelAndBarcode()---------
Object created successfully
Tissue specimen added successfully: Lineage New Label: 0211011041266870804219New Id: edu.wustl.catissuecore.domain.Specimen_10
---------End ImportTissueSpecimen.createTissueSpecimen()---------
---------START ImportTissueSpecimen.createTissueSpecimen()---------
---------START ImportTissueSpecimen.setTissueSpecimenAttributes()---------
---------START ImportSpecimen.setSpChar()---------
---------END ImportSpecimen.setSpChar()---------
---------START ImportSpecimenEventParameters.addCEP()---------
---------END ImportSpecimenEventParameters.addCEP()---------
---------START ImportSpecimenEventParameters.addREP()---------
---------END ImportSpecimenEventParameters.addREP()---------
---------END ImportTissueSpecimen.setTissueSpecimenAttributes()---------
---------START ImportTissueSpecimen.setLabelAndBarcode()---------
---------END ImportTissueSpecimen.setLabelAndBarcode()---------
Object created successfully
Tissue specimen added successfully: Lineage Derived Label: 0211011041266870804553Derived Id: edu.wustl.catissuecore.domain.Specimen_11
---------End ImportTissueSpecimen.createTissueSpecimen()---------
---------START ImportTissueSpecimen.createAliquotTissueSpecimen()---------
---------START ImportTissueSpecimen.setTissueSpecimenAttributes()---------
---------START ImportSpecimen.setSpChar()---------
---------END ImportSpecimen.setSpChar()---------
---------START ImportSpecimenEventParameters.addCEP()---------
---------END ImportSpecimenEventParameters.addCEP()---------
---------START ImportSpecimenEventParameters.addREP()---------
---------END ImportSpecimenEventParameters.addREP()---------
---------END ImportTissueSpecimen.setTissueSpecimenAttributes()---------
---------START ImportTissueSpecimen.setLabelAndBarcode()---------
currentAliquot = 1
---------END ImportTissueSpecimen.setLabelAndBarcode()---------
Object created successfully
Tissue specimen added successfully: Lineage Aliquot Label: 0211011041266870804867Aliquot Id: edu.wustl.catissuecore.domain.Specimen_12
---------End ImportTissueSpecimen.createTissueSpecimen()---------
---------START ImportTissueSpecimen.createAliquotTissueSpecimen()---------
---------START ImportTissueSpecimen.setTissueSpecimenAttributes()---------
---------START ImportSpecimen.setSpChar()---------
---------END ImportSpecimen.setSpChar()---------
---------START ImportSpecimenEventParameters.addCEP()---------
---------END ImportSpecimenEventParameters.addCEP()---------
---------START ImportSpecimenEventParameters.addREP()---------
---------END ImportSpecimenEventParameters.addREP()---------
---------END ImportTissueSpecimen.setTissueSpecimenAttributes()---------
---------START ImportTissueSpecimen.setLabelAndBarcode()---------
currentAliquot = 2
---------END ImportTissueSpecimen.setLabelAndBarcode()---------
Object created successfully
Tissue specimen added successfully: Lineage Aliquot Label: 0211011041266870805255Aliquot Id: edu.wustl.catissuecore.domain.Specimen_13
---------End ImportTissueSpecimen.createTissueSpecimen()---------
---------START ImportTissueSpecimen.createAliquotTissueSpecimen()---------
---------START ImportTissueSpecimen.setTissueSpecimenAttributes()---------
---------START ImportSpecimen.setSpChar()---------
---------END ImportSpecimen.setSpChar()---------
---------START ImportSpecimenEventParameters.addCEP()---------
---------END ImportSpecimenEventParameters.addCEP()---------
---------START ImportSpecimenEventParameters.addREP()---------
---------END ImportSpecimenEventParameters.addREP()---------
---------END ImportTissueSpecimen.setTissueSpecimenAttributes()---------
---------START ImportTissueSpecimen.setLabelAndBarcode()---------
currentAliquot = 3
---------END ImportTissueSpecimen.setLabelAndBarcode()---------
Object created successfully
Tissue specimen added successfully: Lineage Aliquot Label: 0211011041266870805646Aliquot Id: edu.wustl.catissuecore.domain.Specimen_14
---------End ImportTissueSpecimen.createTissueSpecimen()---------
---------START ImportTissueSpecimen.createAliquotTissueSpecimen()---------
---------START ImportTissueSpecimen.setTissueSpecimenAttributes()---------
---------START ImportSpecimen.setSpChar()---------
---------END ImportSpecimen.setSpChar()---------
---------START ImportSpecimenEventParameters.addCEP()---------
---------END ImportSpecimenEventParameters.addCEP()---------
---------START ImportSpecimenEventParameters.addREP()---------
---------END ImportSpecimenEventParameters.addREP()---------
---------END ImportTissueSpecimen.setTissueSpecimenAttributes()---------
---------START ImportTissueSpecimen.setLabelAndBarcode()---------
currentAliquot = 4
---------END ImportTissueSpecimen.setLabelAndBarcode()---------
Object created successfully
Tissue specimen added successfully: Lineage Aliquot Label: 0211011041266870806029Aliquot Id: edu.wustl.catissuecore.domain.Specimen_15
---------End ImportTissueSpecimen.createTissueSpecimen()---------
---------START ImportTissueSpecimen.createAliquotTissueSpecimen()---------
---------START ImportTissueSpecimen.setTissueSpecimenAttributes()---------
---------START ImportSpecimen.setSpChar()---------
---------END ImportSpecimen.setSpChar()---------
---------START ImportSpecimenEventParameters.addCEP()---------
---------END ImportSpecimenEventParameters.addCEP()---------
---------START ImportSpecimenEventParameters.addREP()---------
---------END ImportSpecimenEventParameters.addREP()---------
---------END ImportTissueSpecimen.setTissueSpecimenAttributes()---------
---------START ImportTissueSpecimen.setLabelAndBarcode()---------
currentAliquot = 5
---------END ImportTissueSpecimen.setLabelAndBarcode()---------
Object created successfully
Tissue specimen added successfully: Lineage Aliquot Label: 0211011041266870806373Aliquot Id: edu.wustl.catissuecore.domain.Specimen_16
---------End ImportTissueSpecimen.createTissueSpecimen()---------
---------START ImportTissueSpecimen.updateTissueSpecimen()---------
Object updated successfully
Tissue specimen updated: collection status: Collected Label: 0211011041266870804219New Av.Qty: 5.0 Id: edu.wustl.catissuecore.domain.Specimen_10
---------End ImportTissueSpecimen.updateTissueSpecimen()---------
---------START ImportTissueSpecimen.updateTissueSpecimen()---------
Object updated successfully
Tissue specimen updated: collection status: Collected Label: 0211011041266870804553Derived Av.Qty: 5.0 Id: edu.wustl.catissuecore.domain.Specimen_11
---------End ImportTissueSpecimen.updateTissueSpecimen()---------
---------END ImportSpecimen.addSpecimens()---------
----------END Processing for row number 1---------------
---------END DataMigrationUtil.writeToCaTissue()---------
---------END ExcelTestCaseUtility.registerParticipant-----------
]]></system-out>

      <system-err><![CDATA[log4j:ERROR setFile(null,true) call failed.
java.io.FileNotFoundException: /server/default/log/query.log (Permission denied)
	at java.io.FileOutputStream.openAppend(Native Method)
	at java.io.FileOutputStream.<init>(FileOutputStream.java:177)
	at java.io.FileOutputStream.<init>(FileOutputStream.java:102)
	at org.apache.log4j.FileAppender.setFile(FileAppender.java:289)
	at org.apache.log4j.RollingFileAppender.setFile(RollingFileAppender.java:167)
	at org.apache.log4j.FileAppender.activateOptions(FileAppender.java:163)
	at org.apache.log4j.config.PropertySetter.activate(PropertySetter.java:256)
	at org.apache.log4j.config.PropertySetter.setProperties(PropertySetter.java:132)
	at org.apache.log4j.config.PropertySetter.setProperties(PropertySetter.java:96)
	at org.apache.log4j.PropertyConfigurator.parseAppender(PropertyConfigurator.java:654)
	at org.apache.log4j.PropertyConfigurator.parseCategory(PropertyConfigurator.java:612)
	at org.apache.log4j.PropertyConfigurator.parseCatsAndRenderers(PropertyConfigurator.java:533)
	at org.apache.log4j.PropertyConfigurator.doConfigure(PropertyConfigurator.java:417)
	at org.apache.log4j.PropertyConfigurator.doConfigure(PropertyConfigurator.java:441)
	at org.apache.log4j.helpers.OptionConverter.selectAndConfigure(OptionConverter.java:470)
	at org.apache.log4j.LogManager.<clinit>(LogManager.java:122)
	at org.apache.log4j.Logger.getLogger(Logger.java:104)
	at gov.nih.nci.system.applicationservice.ApplicationServiceProvider.<clinit>(ApplicationServiceProvider.java:18)
	at edu.wustl.catissuecore.bizlogic.test.CaTissueBaseTestCase.setUp(Unknown Source)
	at junit.framework.TestCase.runBare(TestCase.java:128)
	at junit.framework.TestResult$1.protect(TestResult.java:110)
	at junit.framework.TestResult.runProtected(TestResult.java:128)
	at junit.framework.TestResult.run(TestResult.java:113)
	at junit.framework.TestCase.run(TestCase.java:120)
	at junit.framework.TestSuite.runTest(TestSuite.java:228)
	at junit.framework.TestSuite.run(TestSuite.java:223)
	at junit.framework.TestSuite.runTest(TestSuite.java:228)
	at junit.framework.TestSuite.run(TestSuite.java:223)
	at org.apache.tools.ant.taskdefs.optional.junit.JUnitTestRunner.run(JUnitTestRunner.java:421)
	at org.apache.tools.ant.taskdefs.optional.junit.JUnitTestRunner.launch(JUnitTestRunner.java:912)
	at org.apache.tools.ant.taskdefs.optional.junit.JUnitTestRunner.main(JUnitTestRunner.java:766)
log4j:ERROR setFile(null,true) call failed.
java.io.FileNotFoundException: /server/default/log/hibernatesql.log (Permission denied)
	at java.io.FileOutputStream.openAppend(Native Method)
	at java.io.FileOutputStream.<init>(FileOutputStream.java:177)
	at java.io.FileOutputStream.<init>(FileOutputStream.java:102)
	at org.apache.log4j.FileAppender.setFile(FileAppender.java:289)
	at org.apache.log4j.RollingFileAppender.setFile(RollingFileAppender.java:167)
	at org.apache.log4j.FileAppender.activateOptions(FileAppender.java:163)
	at org.apache.log4j.config.PropertySetter.activate(PropertySetter.java:256)
	at org.apache.log4j.config.PropertySetter.setProperties(PropertySetter.java:132)
	at org.apache.log4j.config.PropertySetter.setProperties(PropertySetter.java:96)
	at org.apache.log4j.PropertyConfigurator.parseAppender(PropertyConfigurator.java:654)
	at org.apache.log4j.PropertyConfigurator.parseCategory(PropertyConfigurator.java:612)
	at org.apache.log4j.PropertyConfigurator.parseCatsAndRenderers(PropertyConfigurator.java:533)
	at org.apache.log4j.PropertyConfigurator.doConfigure(PropertyConfigurator.java:417)
	at org.apache.log4j.PropertyConfigurator.doConfigure(PropertyConfigurator.java:441)
	at org.apache.log4j.helpers.OptionConverter.selectAndConfigure(OptionConverter.java:470)
	at org.apache.log4j.LogManager.<clinit>(LogManager.java:122)
	at org.apache.log4j.Logger.getLogger(Logger.java:104)
	at gov.nih.nci.system.applicationservice.ApplicationServiceProvider.<clinit>(ApplicationServiceProvider.java:18)
	at edu.wustl.catissuecore.bizlogic.test.CaTissueBaseTestCase.setUp(Unknown Source)
	at junit.framework.TestCase.runBare(TestCase.java:128)
	at junit.framework.TestResult$1.protect(TestResult.java:110)
	at junit.framework.TestResult.runProtected(TestResult.java:128)
	at junit.framework.TestResult.run(TestResult.java:113)
	at junit.framework.TestCase.run(TestCase.java:120)
	at junit.framework.TestSuite.runTest(TestSuite.java:228)
	at junit.framework.TestSuite.run(TestSuite.java:223)
	at junit.framework.TestSuite.runTest(TestSuite.java:228)
	at junit.framework.TestSuite.run(TestSuite.java:223)
	at org.apache.tools.ant.taskdefs.optional.junit.JUnitTestRunner.run(JUnitTestRunner.java:421)
	at org.apache.tools.ant.taskdefs.optional.junit.JUnitTestRunner.launch(JUnitTestRunner.java:912)
	at org.apache.tools.ant.taskdefs.optional.junit.JUnitTestRunner.main(JUnitTestRunner.java:766)
]]></system-err>

  </testsuite>
</testsuites>
